11:34:38 AM	MoveCommonAssemblyInfoToRoot: Moving CommonAssemblyInfo.cs from E:\dev\Graphite\Graphite\SolutionItemsContainer\CommonAssemblyInfo.cs to root at E:\dev\Graphite\Graphite\CommonAssemblyInfo.cs
11:34:38 AM	MoveSolutionItemsToLib: Moving solution items from E:\dev\Graphite\Graphite\SolutionItemsContainer\Solution Items to lib at E:\dev\Graphite\Graphite\lib
11:34:39 AM	MoveSolutionItemsToToolsLib: Moving tools solution items from E:\dev\Graphite\Graphite\ToolsSolutionItemsContainer\Solution Items to tools lib at E:\dev\Graphite\Graphite\tools\lib
11:34:42 AM	MoveProjectTo: Removing Graphite.Core from solution
11:34:43 AM	PerformManualProjectReplacementsTo: Going to PerformManualProjectReplacementsTo on E:\dev\Graphite\Graphite\Graphite.Core\Graphite.Core.csproj
11:34:43 AM	MoveProjectTo: Moving Graphite.Core from E:\dev\Graphite\Graphite\Graphite.Core to target location at E:\dev\Graphite\Graphite\app\Graphite.Core
11:34:43 AM	MoveProjectTo: Adding Graphite.Core to solution
11:34:45 AM	CaptureProjectGuidOf: Does E:\dev\Graphite\Graphite\app\Graphite.Core\Graphite.Core.csproj exist? True
11:34:45 AM	CaptureProjectGuidOf: About to open E:\dev\Graphite\Graphite\app\Graphite.Core\Graphite.Core.csproj
11:34:45 AM	CaptureProjectGuidOf: Captured the GUID {3E143CD5-0C99-4745-B18F-1913FFAB90D8} for Graphite.Core
11:34:45 AM	MoveProjectTo: Removing Graphite.ApplicationServices from solution
11:34:47 AM	PerformManualProjectReplacementsTo: Going to PerformManualProjectReplacementsTo on E:\dev\Graphite\Graphite\Graphite.ApplicationServices\Graphite.ApplicationServices.csproj
11:34:47 AM	MoveProjectTo: Moving Graphite.ApplicationServices from E:\dev\Graphite\Graphite\Graphite.ApplicationServices to target location at E:\dev\Graphite\Graphite\app\Graphite.ApplicationServices
11:34:47 AM	MoveProjectTo: Adding Graphite.ApplicationServices to solution
11:34:47 AM	CaptureProjectGuidOf: Does E:\dev\Graphite\Graphite\app\Graphite.ApplicationServices\Graphite.ApplicationServices.csproj exist? True
11:34:47 AM	CaptureProjectGuidOf: About to open E:\dev\Graphite\Graphite\app\Graphite.ApplicationServices\Graphite.ApplicationServices.csproj
11:34:47 AM	CaptureProjectGuidOf: Captured the GUID {F8BA0E61-31B1-410D-BD60-022CCCF3F177} for Graphite.ApplicationServices
11:34:50 AM	MoveProjectTo: Removing Graphite.Data from solution
11:34:51 AM	PerformManualProjectReplacementsTo: Going to PerformManualProjectReplacementsTo on E:\dev\Graphite\Graphite\Graphite.Data\Graphite.Data.csproj
11:34:51 AM	MoveProjectTo: Moving Graphite.Data from E:\dev\Graphite\Graphite\Graphite.Data to target location at E:\dev\Graphite\Graphite\app\Graphite.Data
11:34:51 AM	MoveProjectTo: Adding Graphite.Data to solution
11:34:52 AM	CaptureProjectGuidOf: Does E:\dev\Graphite\Graphite\app\Graphite.Data\Graphite.Data.csproj exist? True
11:34:52 AM	CaptureProjectGuidOf: About to open E:\dev\Graphite\Graphite\app\Graphite.Data\Graphite.Data.csproj
11:34:52 AM	CaptureProjectGuidOf: Captured the GUID {EDD7E57F-108D-492E-8C3E-309854CFFF58} for Graphite.Data
11:34:56 AM	MoveProjectTo: Removing Graphite.Web.Controllers from solution
11:34:57 AM	PerformManualProjectReplacementsTo: Going to PerformManualProjectReplacementsTo on E:\dev\Graphite\Graphite\Graphite.Web.Controllers\Graphite.Web.Controllers.csproj
11:34:57 AM	MoveProjectTo: Moving Graphite.Web.Controllers from E:\dev\Graphite\Graphite\Graphite.Web.Controllers to target location at E:\dev\Graphite\Graphite\app\Graphite.Web.Controllers
11:34:57 AM	MoveProjectTo: Adding Graphite.Web.Controllers to solution
11:34:59 AM	CaptureProjectGuidOf: Does E:\dev\Graphite\Graphite\app\Graphite.Web.Controllers\Graphite.Web.Controllers.csproj exist? True
11:34:59 AM	CaptureProjectGuidOf: About to open E:\dev\Graphite\Graphite\app\Graphite.Web.Controllers\Graphite.Web.Controllers.csproj
11:34:59 AM	CaptureProjectGuidOf: Captured the GUID {89DB3880-1E5E-4EFA-B8D2-EDE92A62FBC3} for Graphite.Web.Controllers
11:35:05 AM	MoveProjectTo: Removing Graphite.Tests from solution
11:35:06 AM	PerformManualProjectReplacementsTo: Going to PerformManualProjectReplacementsTo on E:\dev\Graphite\Graphite\Graphite.Tests\Graphite.Tests.csproj
11:35:06 AM	MoveProjectTo: Moving Graphite.Tests from E:\dev\Graphite\Graphite\Graphite.Tests to target location at E:\dev\Graphite\Graphite\tests\Graphite.Tests
11:35:06 AM	MoveProjectTo: Adding Graphite.Tests to solution
11:35:16 AM	MoveProjectTo: Removing Graphite.Web from solution
11:35:17 AM	PerformManualProjectReplacementsTo: Going to PerformManualProjectReplacementsTo on E:\dev\Graphite\Graphite\Graphite.Web\Graphite.Web.csproj
11:35:17 AM	MoveProjectTo: Moving Graphite.Web from E:\dev\Graphite\Graphite\Graphite.Web to target location at E:\dev\Graphite\Graphite\app\Graphite.Web
11:35:17 AM	MoveProjectTo: Adding Graphite.Web to solution
11:35:21 AM	MoveProjectTo: Removing CrudScaffolding from solution
11:35:22 AM	PerformManualProjectReplacementsTo: Going to PerformManualProjectReplacementsTo on E:\dev\Graphite\Graphite\CrudScaffolding\CrudScaffolding.csproj
11:35:22 AM	MoveProjectTo: Moving CrudScaffolding from E:\dev\Graphite\Graphite\CrudScaffolding to target location at E:\dev\Graphite\Graphite\tools\CrudScaffolding
11:35:22 AM	MoveProjectTo: Adding CrudScaffolding to solution folder E:\dev\Graphite\Graphite\tools\CrudScaffolding
11:35:23 AM	ExcludeProjectFromBuildProcess: Setting build to false for project Graphite\tools\CrudScaffolding\CrudScaffolding.csproj within the Debug configuration
11:35:23 AM	ExcludeProjectFromBuildProcess: Setting build to false for project Graphite\tools\CrudScaffolding\CrudScaffolding.csproj within the Release configuration
